<?xml version="1.0" encoding="UTF-8"?>
<!-- Generated by org.testng.reporters.JUnitReportReporter -->
<testsuite hostname="DESKTOP-FM5QVT6" failures="0" tests="13" name="Mytestcases" time="25.059" errors="0" timestamp="2024-11-12T22:44:28 GMT+03:00" skipped="12">
  <testcase classname="Mytestcases" name="IFrame" time="25.059"/>
  <system-out/>
  <testcase classname="Mytestcases" name="MouseHover">
    <skipped/>
  </testcase> <!-- MouseHover -->
  <system-out/>
  <testcase classname="Mytestcases" name="SwitchTab">
    <skipped/>
  </testcase> <!-- SwitchTab -->
  <system-out/>
  <testcase classname="Mytestcases" name="ElementDisplayed">
    <skipped/>
  </testcase> <!-- ElementDisplayed -->
  <system-out/>
  <testcase classname="Mytestcases" name="WebTable">
    <skipped/>
  </testcase> <!-- WebTable -->
  <system-out/>
  <testcase classname="Mytestcases" name="DynamicDropdown">
    <skipped/>
  </testcase> <!-- DynamicDropdown -->
  <system-out/>
  <testcase classname="Mytestcases" name="SelectTag">
    <skipped/>
  </testcase> <!-- SelectTag -->
  <system-out/>
  <testcase classname="Mytestcases" name="Checkbox">
    <skipped/>
  </testcase> <!-- Checkbox -->
  <system-out/>
  <testcase classname="Mytestcases" name="RadioButton">
    <skipped/>
  </testcase> <!-- RadioButton -->
  <system-out/>
  <testcase classname="Mytestcases" name="Enabled_Disabled">
    <skipped/>
  </testcase> <!-- Enabled_Disabled -->
  <system-out/>
  <testcase classname="Mytestcases" name="SwitchAlert">
    <skipped/>
  </testcase> <!-- SwitchAlert -->
  <system-out/>
  <testcase classname="Mytestcases" name="SwitchWindow">
    <skipped/>
  </testcase> <!-- SwitchWindow -->
  <system-out/>
  <testcase classname="Mytestcases" name="Calender">
    <skipped/>
  </testcase> <!-- Calender -->
  <system-out/>
</testsuite> <!-- Mytestcases -->
