<?xml version="1.0" encoding="UTF-8"?>
<!-- Generated by org.testng.reporters.JUnitReportReporter -->
<testsuite hostname="DESKTOP-FM5QVT6" failures="0" tests="3" name="Mytestcases" time="3.678" errors="0" timestamp="2024-11-09T23:45:59 GMT+03:00" skipped="2">
  <testcase classname="Mytestcases" name="SelectTag" time="3.678"/>
  <system-out/>
  <testcase classname="Mytestcases" name="DynamicDropdown">
    <skipped/>
  </testcase> <!-- DynamicDropdown -->
  <system-out/>
  <testcase classname="Mytestcases" name="RadioButton">
    <skipped/>
  </testcase> <!-- RadioButton -->
  <system-out/>
</testsuite> <!-- Mytestcases -->
